<?xml version="1.0" encoding="UTF-8"?>
<!-- Generated by org.testng.reporters.JUnitReportReporter -->
<testsuite hostname="DESKTOP-I97QUNF" failures="0" tests="2" name="ExtentReport.SkipTestCases" time="1.393" errors="1" timestamp="2024-07-29T12:20:57 IST" skipped="1">
  <testcase classname="ExtentReport.SkipTestCases" name="deleteAccount" time="0.000">
    <skipped/>
  </testcase> <!-- deleteAccount -->
  <testcase classname="ExtentReport.SkipTestCases" name="createAccount" time="1.393">
    <error message="Method ExtentReport.SkipTestCases.createAccount() didn&#039;t finish within the time-out 1000" type="org.testng.internal.thread.ThreadTimeoutException">
      <![CDATA[org.testng.internal.thread.ThreadTimeoutException: Method ExtentReport.SkipTestCases.createAccount() didn't finish within the time-out 1000
at java.base@17.0.11/java.lang.ClassLoader.defineClass0(Native Method)
at java.base@17.0.11/java.lang.System$2.defineClass(System.java:2311)
at java.base@17.0.11/java.lang.invoke.MethodHandles$Lookup$ClassDefiner.defineClass(MethodHandles.java:2439)
at java.base@17.0.11/java.lang.invoke.MethodHandles$Lookup$ClassDefiner.defineClassAsLookup(MethodHandles.java:2420)
at java.base@17.0.11/java.lang.invoke.MethodHandles$Lookup.defineHiddenClass(MethodHandles.java:2127)
at java.base@17.0.11/java.lang.invoke.InnerClassLambdaMetafactory.generateInnerClass(InnerClassLambdaMetafactory.java:407)
at java.base@17.0.11/java.lang.invoke.InnerClassLambdaMetafactory.spinInnerClass(InnerClassLambdaMetafactory.java:315)
at java.base@17.0.11/java.lang.invoke.InnerClassLambdaMetafactory.buildCallSite(InnerClassLambdaMetafactory.java:228)
at java.base@17.0.11/java.lang.invoke.LambdaMetafactory.metafactory(LambdaMetafactory.java:341)
at java.base@17.0.11/java.lang.invoke.LambdaForm$DMH/0x00000001001c2000.invokeStatic(LambdaForm$DMH)
at java.base@17.0.11/java.lang.invoke.Invokers$Holder.invokeExact_MT(Invokers$Holder)
at java.base@17.0.11/java.lang.invoke.BootstrapMethodInvoker.invoke(BootstrapMethodInvoker.java:134)
at java.base@17.0.11/java.lang.invoke.CallSite.makeSite(CallSite.java:315)
at java.base@17.0.11/java.lang.invoke.MethodHandleNatives.linkCallSiteImpl(MethodHandleNatives.java:281)
at java.base@17.0.11/java.lang.invoke.MethodHandleNatives.linkCallSite(MethodHandleNatives.java:271)
at app//org.openqa.selenium.chromium.ChromiumDriver.<clinit>(ChromiumDriver.java:82)
at app//ExtentReport.SkipTestCases.createAccount(SkipTestCases.java:15)
at java.base@17.0.11/jdk.internal.reflect.NativeMethodAccessorImpl.invoke0(Native Method)
at java.base@17.0.11/jdk.internal.reflect.NativeMethodAccessorImpl.invoke(NativeMethodAccessorImpl.java:77)
at java.base@17.0.11/jdk.internal.reflect.DelegatingMethodAccessorImpl.invoke(DelegatingMethodAccessorImpl.java:43)
at java.base@17.0.11/java.lang.reflect.Method.invoke(Method.java:568)
at app//org.testng.internal.invokers.MethodInvocationHelper.invokeMethod(MethodInvocationHelper.java:139)
at app//org.testng.internal.invokers.InvokeMethodRunnable.runOne(InvokeMethodRunnable.java:47)
at app//org.testng.internal.invokers.InvokeMethodRunnable.call(InvokeMethodRunnable.java:76)
at app//org.testng.internal.invokers.InvokeMethodRunnable.call(InvokeMethodRunnable.java:11)
at java.base@17.0.11/java.util.concurrent.FutureTask.run(FutureTask.java:264)
at java.base@17.0.11/java.util.concurrent.ThreadPoolExecutor.runWorker(ThreadPoolExecutor.java:1136)
at java.base@17.0.11/java.util.concurrent.ThreadPoolExecutor$Worker.run(ThreadPoolExecutor.java:635)
at java.base@17.0.11/java.lang.Thread.run(Thread.java:840)
]]>
    </error>
  </testcase> <!-- createAccount -->
</testsuite> <!-- ExtentReport.SkipTestCases -->
